<?xml version="1.0" encoding="UTF-8"?>
<!-- Generated by org.testng.reporters.JUnitReportReporter -->
<testsuite hostname="LAPTOP-A20PR4HG" failures="0" tests="1" name="kiteApptest.KiteAppUserIDandPassErrorMsgValidation" time="2.506" errors="0" timestamp="2022-04-03T06:15:29 IST" skipped="0">
  <testcase classname="kiteApptest.KiteAppUserIDandPassErrorMsgValidation" name="validateUserPasserrorMsg" time="2.506"/>
  <system-out>
    <![CDATA[screenshot taken for TC validateUserPasserrorMsg]]>
  </system-out>
</testsuite> <!-- kiteApptest.KiteAppUserIDandPassErrorMsgValidation -->
