<?xml version="1.0" encoding="UTF-8"?>
<!-- Generated by org.testng.reporters.JUnitReportReporter -->
<testsuite hostname="LAPTOP-A20PR4HG" failures="0" tests="1" name="kiteTESTpackage.KiteAppUserPassErrorMsgValidation" time="2.773" errors="0" timestamp="2022-03-29T12:54:39 IST" skipped="0">
  <testcase classname="kiteTESTpackage.KiteAppUserPassErrorMsgValidation" name="validateUserPasserrorMsg" time="2.773"/>
  <system-out>
    <![CDATA[screenshot taken for TC 440]]>
  </system-out>
</testsuite> <!-- kiteTESTpackage.KiteAppUserPassErrorMsgValidation -->
