<?xml version="1.0" encoding="UTF-8"?>
<!-- Generated by org.testng.reporters.JUnitReportReporter -->
<testsuite hostname="LAPTOP-A20PR4HG" failures="0" tests="1" name="kiteTESTpackage.KiteAppUserIDErrorMsgValidation" time="2.571" errors="0" timestamp="2022-03-29T12:29:42 IST" skipped="0">
  <testcase classname="kiteTESTpackage.KiteAppUserIDErrorMsgValidation" name="validateUserIDerrorMsg" time="2.571"/>
  <system-out>
    <![CDATA[screenshot taken for TC 555]]>
  </system-out>
</testsuite> <!-- kiteTESTpackage.KiteAppUserIDErrorMsgValidation -->
