<?xml version="1.0" encoding="UTF-8"?>
<!-- Generated by org.testng.reporters.JUnitReportReporter -->
<testsuite hostname="LAPTOP-A20PR4HG" failures="0" tests="1" name="kiteTESTpackage.KiteUserNameValidation" time="6.414" errors="0" timestamp="2022-04-01T13:18:48 IST" skipped="0">
  <testcase classname="kiteTESTpackage.KiteUserNameValidation" name="validateUserName" time="6.414"/>
  <system-out>
    <![CDATA[screenshot taken for TC 100
Validated UserName]]>
  </system-out>
</testsuite> <!-- kiteTESTpackage.KiteUserNameValidation -->
